/vol/synopsys/fpga/O-2018.09-SP1/bin/m_altera  -prodtype  synplify_premier  -encrypt  -pro  -rundir  /home/gfa2226/fpga/fibonacci/rev_4   -part EP4CE115FC23-7    -maxfan 30 -verification_mode 0 -infer_seqShift -pipe -fixgatedclocks 1 -fixgeneratedclocks 1 -syn_altera_model on -mif_files_dirs " " -synthesis_strategy advanced -continue_on_error -validate_mif_files -reporting_ctd 0 -RWCheckOnRam 1 -overilog "fibonacci.vm" -summaryfile /home/gfa2226/fpga/fibonacci/rev_4/synlog/report/fibonacci_fpga_mapper.xml -merge_inferred_clocks 0  -map  -licensetype  synplifypremierdp  -flow mapping  -mp  4  -prjfile  /home/gfa2226/fpga/fibonacci/rev_4/scratchproject.prs  -implementation  rev_4  -multisrs  -vqm41  -ovqm  /home/gfa2226/fpga/fibonacci/rev_4/fibonacci.vqm   -autoconstraint  -freq 1.000   /home/gfa2226/fpga/fibonacci/rev_4/synwork/fibonacci_prem.srd  -sap  /home/gfa2226/fpga/fibonacci/rev_4/fibonacci.sap  -otap  /home/gfa2226/fpga/fibonacci/rev_4/fibonacci.tap  -omap  /home/gfa2226/fpga/fibonacci/rev_4/fibonacci.map  -devicelib  /vol/synopsys/fpga/O-2018.09-SP1/lib/altera/altera.v  -devicelib  /vol/synopsys/fpga/O-2018.09-SP1/lib/altera/quartus_prime181/cycloneive.v  -devicelib  /vol/synopsys/fpga/O-2018.09-SP1/lib/altera/quartus_prime181/altera_mf.v  -devicelib  /vol/synopsys/fpga/O-2018.09-SP1/lib/altera/quartus_prime181/altera_lpm.v  -devicelib  /vol/synopsys/fpga/O-2018.09-SP1/lib/altera/quartus_prime181/altera_primitives.v  -sap  /home/gfa2226/fpga/fibonacci/rev_4/fibonacci.sap  -ologparam  /home/gfa2226/fpga/fibonacci/rev_4/syntmp/fibonacci.plg  -osyn  /home/gfa2226/fpga/fibonacci/rev_4/fibonacci.srm  -prjdir  /home/gfa2226/fpga/fibonacci/  -prjname  proj_1  -log  /home/gfa2226/fpga/fibonacci/rev_4/synlog/fibonacci_fpga_mapper.srr  -sn  2018.09  -jobname  "fpga_mapper" 
relcom:/vol/synopsys/fpga/O-2018.09-SP1/bin/m_altera -prodtype synplify_premier -encrypt -pro -rundir ../../rev_4 -part EP4CE115FC23-7 -maxfan 30 -verification_mode 0 -infer_seqShift -pipe -fixgatedclocks 1 -fixgeneratedclocks 1 -syn_altera_model on -mif_files_dirs " " -synthesis_strategy advanced -continue_on_error -validate_mif_files -reporting_ctd 0 -RWCheckOnRam 1 -overilog "fibonacci.vm" -summaryfile ../synlog/report/fibonacci_fpga_mapper.xml -merge_inferred_clocks 0 -map -licensetype synplifypremierdp -flow mapping -mp 4 -prjfile ../scratchproject.prs -implementation rev_4 -multisrs -vqm41 -ovqm ../fibonacci.vqm -autoconstraint -freq 1.000 ../synwork/fibonacci_prem.srd -sap ../fibonacci.sap -otap ../fibonacci.tap -omap ../fibonacci.map -devicelib /vol/synopsys/fpga/O-2018.09-SP1/lib/altera/altera.v -devicelib /vol/synopsys/fpga/O-2018.09-SP1/lib/altera/quartus_prime181/cycloneive.v -devicelib /vol/synopsys/fpga/O-2018.09-SP1/lib/altera/quartus_prime181/altera_mf.v -devicelib /vol/synopsys/fpga/O-2018.09-SP1/lib/altera/quartus_prime181/altera_lpm.v -devicelib /vol/synopsys/fpga/O-2018.09-SP1/lib/altera/quartus_prime181/altera_primitives.v -sap ../fibonacci.sap -ologparam fibonacci.plg -osyn ../fibonacci.srm -prjdir ../../ -prjname proj_1 -log ../synlog/fibonacci_fpga_mapper.srr -sn 2018.09 -jobname "fpga_mapper"
rc:1 success:1 runtime:1
file:../scratchproject.prs|io:o|time:1673423097|size:1676|exec:0|csum:
file:../fibonacci.vqm|io:o|time:1673423103|size:61560|exec:0|csum:
file:../synwork/fibonacci_prem.srd|io:i|time:1673423101|size:5155|exec:0|csum:AE71BF30F3EAF4FA0C8E12C9EA09A2FA
file:../fibonacci.sap|io:o|time:1673423102|size:568|exec:0|csum:
file:../fibonacci.tap|io:o|time:0|size:-1|exec:0|csum:
file:../fibonacci.map|io:o|time:1673423103|size:27|exec:0|csum:
file:/vol/synopsys/fpga/O-2018.09-SP1/lib/altera/altera.v|io:i|time:1543381811|size:761|exec:0|csum:530DBF8BEE396EFE8B33F0255371F1EA
file:/vol/synopsys/fpga/O-2018.09-SP1/lib/altera/quartus_prime181/cycloneive.v|io:i|time:1543381840|size:248626|exec:0|csum:B7FC851277DB49C2CA5F418047EB2E4F
file:/vol/synopsys/fpga/O-2018.09-SP1/lib/altera/quartus_prime181/altera_mf.v|io:i|time:1543381839|size:2618882|exec:0|csum:84794777C52804010B1D63698E285DB9
file:/vol/synopsys/fpga/O-2018.09-SP1/lib/altera/quartus_prime181/altera_lpm.v|io:i|time:1543381839|size:14867|exec:0|csum:01D82E1D5975CD832C9D765243E5182D
file:/vol/synopsys/fpga/O-2018.09-SP1/lib/altera/quartus_prime181/altera_primitives.v|io:i|time:1543381839|size:35286|exec:0|csum:C0AAD8CA21730C472D624582C058B929
file:../fibonacci.sap|io:o|time:1673423102|size:568|exec:0|csum:
file:fibonacci.plg|io:o|time:1673423103|size:701|exec:0|csum:
file:../fibonacci.srm|io:o|time:1673423103|size:32695|exec:0|csum:
file:../synlog/fibonacci_fpga_mapper.srr|io:o|time:1673423103|size:36127|exec:0|csum:
file:/vol/synopsys/fpga/O-2018.09-SP1/linux_a_64/m_altera|io:i|time:1543382473|size:31613712|exec:1|csum:5FBEB6EEDF3364EAF4B7F14711D19D39
file:/vol/synopsys/fpga/O-2018.09-SP1/bin/m_altera|io:i|time:1543381999|size:347|exec:1|csum:04851DFC0CBB288ED81DA3E420127D0D
